<?xml version="1.0" encoding="UTF-8"?>
<!-- Generated by org.testng.reporters.JUnitReportReporter -->
<testsuite skipped="0" hostname="PankajVerma" name="seleniumtests.testNgScript" tests="2" failures="0" timestamp="09 Nov 2018 20:42:43 GMT" time="0.015" errors="0">
  <testcase name="testcase2" time="0.002" classname="seleniumtests.testNgScript"/>
  <testcase name="testCase9" time="0.013" classname="seleniumtests.testNgScript"/>
</testsuite> <!-- seleniumtests.testNgScript -->
